<?xml version="1.0" encoding="UTF-8"?>
<!-- Generated by org.testng.reporters.JUnitReportReporter -->
<testsuite hostname="PIYUSH" failures="0" tests="1" name="getRequest.DeleteRest" time="1.748" errors="0" timestamp="01 Sep 2018 11:07:26 GMT" skipped="0">
  <testcase classname="getRequest.DeleteRest" name="test1" time="1.748"/>
</testsuite> <!-- getRequest.DeleteRest -->
