<?xml version="1.0" encoding="UTF-8"?>
<!-- Generated by org.testng.reporters.JUnitReportReporter -->
<testsuite hostname="PIYUSH" failures="0" tests="1" name="getRequest.GetData" time="2.952" errors="0" timestamp="01 Sep 2018 10:01:33 GMT" skipped="0">
  <testcase classname="getRequest.GetData" name="testResponceCode" time="2.952"/>
</testsuite> <!-- getRequest.GetData -->
