<?xml version="1.0" encoding="UTF-8"?>
<!-- Generated by org.testng.reporters.JUnitReportReporter -->
<testsuite hostname="PIYUSH" failures="0" tests="1" name="getRequest.PutDelete" time="1.733" errors="0" timestamp="01 Sep 2018 11:04:29 GMT" skipped="0">
  <testcase classname="getRequest.PutDelete" name="test1" time="1.733"/>
</testsuite> <!-- getRequest.PutDelete -->
